{"E:\\IT_and_programing\\Frontend\\8.0_Homeworks\\Task-5.1\\src\\js\\Bowman.js": {"path":"E:\\IT_and_programing\\Frontend\\8.0_Homeworks\\Task-5.1\\src\\js\\Bowman.js","statementMap":{"0":{"start":{"line":3,"column":4},"end":{"line":3,"column":69}},"1":{"start":{"line":6,"column":0},"end":{"line":6,"column":54}},"2":{"start":{"line":7,"column":0},"end":{"line":7,"column":38}}},"fnMap":{"0":{"name":"Bowman","decl":{"start":{"line":2,"column":24},"end":{"line":2,"column":30}},"loc":{"start":{"line":2,"column":74},"end":{"line":4,"column":1}},"line":2}},"branchMap":{},"s":{"0":1,"1":1,"2":1},"f":{"0":1},"b":{},"_coverageSchema":"1a1c01bbd47fc00a2c39e90264f33305004495a9","hash":"dc362f0b1624ddce9187394dfd20ddd78a0de579"}
,"E:\\IT_and_programing\\Frontend\\8.0_Homeworks\\Task-5.1\\src\\js\\Character.js": {"path":"E:\\IT_and_programing\\Frontend\\8.0_Homeworks\\Task-5.1\\src\\js\\Character.js","statementMap":{"0":{"start":{"line":2,"column":4},"end":{"line":6,"column":5}},"1":{"start":{"line":3,"column":8},"end":{"line":3,"column":25}},"2":{"start":{"line":5,"column":8},"end":{"line":5,"column":46}},"3":{"start":{"line":7,"column":4},"end":{"line":11,"column":5}},"4":{"start":{"line":8,"column":8},"end":{"line":8,"column":25}},"5":{"start":{"line":10,"column":8},"end":{"line":10,"column":46}},"6":{"start":{"line":12,"column":4},"end":{"line":12,"column":21}},"7":{"start":{"line":13,"column":4},"end":{"line":13,"column":25}},"8":{"start":{"line":14,"column":4},"end":{"line":14,"column":23}},"9":{"start":{"line":15,"column":4},"end":{"line":15,"column":25}},"10":{"start":{"line":16,"column":4},"end":{"line":16,"column":26}}},"fnMap":{"0":{"name":"Character","decl":{"start":{"line":1,"column":24},"end":{"line":1,"column":33}},"loc":{"start":{"line":1,"column":78},"end":{"line":17,"column":1}},"line":1}},"branchMap":{"0":{"loc":{"start":{"line":2,"column":4},"end":{"line":6,"column":5}},"type":"if","locations":[{"start":{"line":2,"column":4},"end":{"line":6,"column":5}},{"start":{"line":2,"column":4},"end":{"line":6,"column":5}}],"line":2},"1":{"loc":{"start":{"line":2,"column":7},"end":{"line":2,"column":72}},"type":"binary-expr","locations":[{"start":{"line":2,"column":7},"end":{"line":2,"column":31}},{"start":{"line":2,"column":35},"end":{"line":2,"column":51}},{"start":{"line":2,"column":55},"end":{"line":2,"column":72}}],"line":2},"2":{"loc":{"start":{"line":7,"column":4},"end":{"line":11,"column":5}},"type":"if","locations":[{"start":{"line":7,"column":4},"end":{"line":11,"column":5}},{"start":{"line":7,"column":4},"end":{"line":11,"column":5}}],"line":7},"3":{"loc":{"start":{"line":7,"column":8},"end":{"line":7,"column":135}},"type":"binary-expr","locations":[{"start":{"line":7,"column":8},"end":{"line":7,"column":25}},{"start":{"line":7,"column":29},"end":{"line":7,"column":49}},{"start":{"line":7,"column":53},"end":{"line":7,"column":72}},{"start":{"line":7,"column":76},"end":{"line":7,"column":93}},{"start":{"line":7,"column":97},"end":{"line":7,"column":114}},{"start":{"line":7,"column":118},"end":{"line":7,"column":135}}],"line":7}},"s":{"0":6,"1":5,"2":1,"3":5,"4":5,"5":0,"6":5,"7":5,"8":5,"9":5,"10":5},"f":{"0":6},"b":{"0":[5,1],"1":[6,6,6],"2":[5,0],"3":[5,5,5,0,0,0]},"_coverageSchema":"1a1c01bbd47fc00a2c39e90264f33305004495a9","hash":"26572909fdda04a8088f5ce6feb2564227898aa1"}
,"E:\\IT_and_programing\\Frontend\\8.0_Homeworks\\Task-5.1\\src\\js\\Daemon.js": {"path":"E:\\IT_and_programing\\Frontend\\8.0_Homeworks\\Task-5.1\\src\\js\\Daemon.js","statementMap":{"0":{"start":{"line":4,"column":4},"end":{"line":4,"column":69}},"1":{"start":{"line":7,"column":0},"end":{"line":7,"column":54}},"2":{"start":{"line":8,"column":0},"end":{"line":8,"column":38}}},"fnMap":{"0":{"name":"Daemon","decl":{"start":{"line":3,"column":24},"end":{"line":3,"column":30}},"loc":{"start":{"line":3,"column":74},"end":{"line":5,"column":1}},"line":3}},"branchMap":{},"s":{"0":1,"1":1,"2":1},"f":{"0":1},"b":{},"_coverageSchema":"1a1c01bbd47fc00a2c39e90264f33305004495a9","hash":"0c48f73fa291a010f2aad67d44d133b4a55140c1"}
,"E:\\IT_and_programing\\Frontend\\8.0_Homeworks\\Task-5.1\\src\\js\\Magician.js": {"path":"E:\\IT_and_programing\\Frontend\\8.0_Homeworks\\Task-5.1\\src\\js\\Magician.js","statementMap":{"0":{"start":{"line":4,"column":4},"end":{"line":4,"column":69}},"1":{"start":{"line":7,"column":0},"end":{"line":7,"column":56}},"2":{"start":{"line":8,"column":0},"end":{"line":8,"column":42}}},"fnMap":{"0":{"name":"Magician","decl":{"start":{"line":3,"column":24},"end":{"line":3,"column":32}},"loc":{"start":{"line":3,"column":76},"end":{"line":5,"column":1}},"line":3}},"branchMap":{},"s":{"0":1,"1":1,"2":1},"f":{"0":1},"b":{},"_coverageSchema":"1a1c01bbd47fc00a2c39e90264f33305004495a9","hash":"730b84e497249cfcb36888ad2016e2929632bcd5"}
,"E:\\IT_and_programing\\Frontend\\8.0_Homeworks\\Task-5.1\\src\\js\\Swordsman.js": {"path":"E:\\IT_and_programing\\Frontend\\8.0_Homeworks\\Task-5.1\\src\\js\\Swordsman.js","statementMap":{"0":{"start":{"line":4,"column":4},"end":{"line":4,"column":69}},"1":{"start":{"line":7,"column":0},"end":{"line":7,"column":57}},"2":{"start":{"line":8,"column":0},"end":{"line":8,"column":44}}},"fnMap":{"0":{"name":"Swordsman","decl":{"start":{"line":3,"column":24},"end":{"line":3,"column":33}},"loc":{"start":{"line":3,"column":77},"end":{"line":5,"column":1}},"line":3}},"branchMap":{},"s":{"0":1,"1":1,"2":1},"f":{"0":1},"b":{},"_coverageSchema":"1a1c01bbd47fc00a2c39e90264f33305004495a9","hash":"291bc242564e7ac15d45dbc15924a0a603052201"}
,"E:\\IT_and_programing\\Frontend\\8.0_Homeworks\\Task-5.1\\src\\js\\Undead.js": {"path":"E:\\IT_and_programing\\Frontend\\8.0_Homeworks\\Task-5.1\\src\\js\\Undead.js","statementMap":{"0":{"start":{"line":4,"column":4},"end":{"line":4,"column":69}},"1":{"start":{"line":7,"column":0},"end":{"line":7,"column":54}},"2":{"start":{"line":8,"column":0},"end":{"line":8,"column":38}}},"fnMap":{"0":{"name":"Undead","decl":{"start":{"line":3,"column":24},"end":{"line":3,"column":30}},"loc":{"start":{"line":3,"column":74},"end":{"line":5,"column":1}},"line":3}},"branchMap":{},"s":{"0":1,"1":1,"2":1},"f":{"0":1},"b":{},"_coverageSchema":"1a1c01bbd47fc00a2c39e90264f33305004495a9","hash":"9b6b7de368427b2d3a17e275c3a174b87bfd4ca9"}
,"E:\\IT_and_programing\\Frontend\\8.0_Homeworks\\Task-5.1\\src\\js\\Zombie.js": {"path":"E:\\IT_and_programing\\Frontend\\8.0_Homeworks\\Task-5.1\\src\\js\\Zombie.js","statementMap":{"0":{"start":{"line":4,"column":4},"end":{"line":4,"column":69}},"1":{"start":{"line":7,"column":0},"end":{"line":7,"column":54}},"2":{"start":{"line":8,"column":0},"end":{"line":8,"column":38}}},"fnMap":{"0":{"name":"Zombie","decl":{"start":{"line":3,"column":24},"end":{"line":3,"column":30}},"loc":{"start":{"line":3,"column":74},"end":{"line":5,"column":1}},"line":3}},"branchMap":{},"s":{"0":1,"1":1,"2":1},"f":{"0":1},"b":{},"_coverageSchema":"1a1c01bbd47fc00a2c39e90264f33305004495a9","hash":"a4c6fd6dfb49f8ebbb2880c640e09e815db66272"}
}
