TN:
SF:src\js\Bowman.js
FN:2,Bowman
FNF:1
FNH:1
FNDA:1,Bowman
DA:3,1
DA:6,1
DA:7,1
LF:3
LH:3
BRF:0
BRH:0
end_of_record
TN:
SF:src\js\Character.js
FN:1,Character
FNF:1
FNH:1
FNDA:6,Character
DA:2,6
DA:3,5
DA:5,1
DA:7,5
DA:8,5
DA:10,0
DA:12,5
DA:13,5
DA:14,5
DA:15,5
DA:16,5
LF:11
LH:10
BRDA:2,0,0,5
BRDA:2,0,1,1
BRDA:2,1,0,6
BRDA:2,1,1,6
BRDA:2,1,2,6
BRDA:7,2,0,5
BRDA:7,2,1,0
BRDA:7,3,0,5
BRDA:7,3,1,5
BRDA:7,3,2,5
BRDA:7,3,3,0
BRDA:7,3,4,0
BRDA:7,3,5,0
BRF:13
BRH:9
end_of_record
TN:
SF:src\js\Daemon.js
FN:3,Daemon
FNF:1
FNH:1
FNDA:1,Daemon
DA:4,1
DA:7,1
DA:8,1
LF:3
LH:3
BRF:0
BRH:0
end_of_record
TN:
SF:src\js\Magician.js
FN:3,Magician
FNF:1
FNH:1
FNDA:1,Magician
DA:4,1
DA:7,1
DA:8,1
LF:3
LH:3
BRF:0
BRH:0
end_of_record
TN:
SF:src\js\Swordsman.js
FN:3,Swordsman
FNF:1
FNH:1
FNDA:1,Swordsman
DA:4,1
DA:7,1
DA:8,1
LF:3
LH:3
BRF:0
BRH:0
end_of_record
TN:
SF:src\js\Undead.js
FN:3,Undead
FNF:1
FNH:1
FNDA:1,Undead
DA:4,1
DA:7,1
DA:8,1
LF:3
LH:3
BRF:0
BRH:0
end_of_record
TN:
SF:src\js\Zombie.js
FN:3,Zombie
FNF:1
FNH:1
FNDA:1,Zombie
DA:4,1
DA:7,1
DA:8,1
LF:3
LH:3
BRF:0
BRH:0
end_of_record
